<?xml version="1.0" encoding="UTF-8"?><testsuite errors="0" failures="0" name="com.bestbuy.bestbuyinfo.StoreCRUDTestWithStep" skipped="0" tests="4" time="4.47" timestamp="2023-01-03T20:29:02.228Z[Europe/London]"><testcase classname="com.bestbuy.bestbuyinfo.StoreCRUDTestWithStep" name="This will create a new store"/><testcase classname="com.bestbuy.bestbuyinfo.StoreCRUDTestWithStep" name="This will verify store added to list"/><testcase classname="com.bestbuy.bestbuyinfo.StoreCRUDTestWithStep" name="update the store information"/><testcase classname="com.bestbuy.bestbuyinfo.StoreCRUDTestWithStep" name="Delete the store and verify if the store is deleted!"/></testsuite>