<?xml version="1.0" encoding="UTF-8"?><testsuite errors="0" failures="0" name="com.bestbuy.bestbuyinfo.ProductCRUDTestWithSteps" skipped="0" tests="4" time="4.48" timestamp="2023-01-03T20:30:18.484Z[Europe/London]"><testcase classname="com.bestbuy.bestbuyinfo.ProductCRUDTestWithSteps" name="This will create a new product"/><testcase classname="com.bestbuy.bestbuyinfo.ProductCRUDTestWithSteps" name="Verify if the Product was added "/><testcase classname="com.bestbuy.bestbuyinfo.ProductCRUDTestWithSteps" name="update the product information"/><testcase classname="com.bestbuy.bestbuyinfo.ProductCRUDTestWithSteps" name="Delete the product and verify if the product is deleted!"/></testsuite>